    2022-08-01
-------------------------
1、修复部分bug, 完善游戏文档

    2022-07-23
-------------------------
修改部分游戏功能:
    1、无方块合并时不产生新方块
    2、产生的新方块为2、4、8中随机一个


    2022-07-22
-------------------------
1、修复游戏退出后仍然播放背景音乐的bug


    2022-07-21
-------------------------
1、添加游戏背景音乐播放线程


    2022-07-20
-------------------------
1、完成2048游戏整体架构搭建, 实现游戏计分、视图切换、
    触摸、滑动控制等游戏所需的基本功能


    2022-07-17
-------------------------
1、完成屏幕触摸、滑动事件监听功能,加入多线程技术,提高程序实时性和响应速度



    2022-07-16
-------------------------
-1、添加通过文件链表查找前后节点文件名功能
-2、添加屏幕触摸、滑动监听功能
-3、完成游戏开始、游戏结束的UI设计
-4、尝试添加多线程, 将程序分为多个线程, 提高触摸事件的实时性

    2022-07-15
-------------------------
完成字符、bmp、jpg图片的LCD显示功能



    2022-07-14
-------------------------
完成屏幕的基础显示功能，完成文件链表功能，
屏幕触摸功能测试中
